[Sun Dec 22 20:47:46.330481 2019] [mpm_winnt:notice] [pid 884:tid 736] AH00455: Apache/2.4.25 (Win32) PHP/5.6.30 configured -- resuming normal operations
[Sun Dec 22 20:47:46.330481 2019] [mpm_winnt:notice] [pid 884:tid 736] AH00456: Apache Lounge VC11 Server built: Dec 20 2016 13:02:04
[Sun Dec 22 20:47:46.330481 2019] [core:notice] [pid 884:tid 736] AH00094: Command line: 'mapache.exe -d D:/Downloads/DokuWikiStick/server'
[Sun Dec 22 20:47:46.332476 2019] [mpm_winnt:notice] [pid 884:tid 736] AH00418: Parent: Created child process 13024
Apache server shutdown initiated...
pm_winnt:notice] [pid 13024:tid 632] AH00354: Child: Starting 64 worker threads.
[Sun Dec 22 20:47:51.634617 2019] [access_compat:error] [pid 13024:tid 1204] [client ::1:41310] AH01797: client denied by server configuration: D:/Downloads/DokuWikiStick/dokuwiki/data/dont-panic-if-you-see-this-in-your-logs-it-means-your-directory-permissions-are-correct.png, referer: http://localhost:8800/install.php
[Sun Dec 22 20:48:04.969424 2019] [mpm_winnt:notice] [pid 884:tid 736] AH00422: Parent: Received shutdown signal -- Shutting down the server.
[Sun Dec 22 20:48:06.971238 2019] [mpm_winnt:notice] [pid 13024:tid 632] AH00364: Child: All worker threads have exited.
[Sun Dec 22 20:48:06.992181 2019] [mpm_winnt:notice] [pid 884:tid 736] AH00430: Parent: Child process 13024 exited successfully.
[Sun Dec 22 20:48:13.227545 2019] [mpm_winnt:notice] [pid 13824:tid 616] AH00455: Apache/2.4.25 (Win32) PHP/5.6.30 configured -- resuming normal operations
[Sun Dec 22 20:48:13.227545 2019] [mpm_winnt:notice] [pid 13824:tid 616] AH00456: Apache Lounge VC11 Server built: Dec 20 2016 13:02:04
[Sun Dec 22 20:48:13.227545 2019] [core:notice] [pid 13824:tid 616] AH00094: Command line: 'mapache.exe -d D:/Downloads/DokuWikiStick/server'
[Sun Dec 22 20:48:13.229539 2019] [mpm_winnt:notice] [pid 13824:tid 616] AH00418: Parent: Created child process 3264
Apache server shutdown initiated...
pm_winnt:notice] [pid 3264:tid 772] AH00354: Child: Starting 64 worker threads.
[Sun Dec 22 20:48:13.952605 2019] [access_compat:error] [pid 3264:tid 1220] [client ::1:41332] AH01797: client denied by server configuration: D:/Downloads/DokuWikiStick/dokuwiki/data/dont-panic-if-you-see-this-in-your-logs-it-means-your-directory-permissions-are-correct.png, referer: http://localhost:8800/install.php
[Sun Dec 22 20:48:55.136015 2019] [access_compat:error] [pid 3264:tid 1224] [client ::1:41382] AH01797: client denied by server configuration: D:/Downloads/DokuWikiStick/dokuwiki/data/dont-panic-if-you-see-this-in-your-logs-it-means-your-directory-permissions-are-correct.png, referer: http://localhost:8800/install.php?l=de
[Sun Dec 22 20:50:20.634363 2019] [access_compat:error] [pid 3264:tid 1220] [client ::1:41479] AH01797: client denied by server configuration: D:/Downloads/DokuWikiStick/dokuwiki/data/dont-panic-if-you-see-this-in-your-logs-it-means-your-directory-permissions-are-correct.png, referer: http://localhost:8800/install.php?l=de
[Sun Dec 22 21:27:19.787359 2019] [mpm_winnt:notice] [pid 13824:tid 616] AH00422: Parent: Received shutdown signal -- Shutting down the server.
[Sun Dec 22 21:27:26.424773 2019] [mpm_winnt:notice] [pid 3264:tid 772] AH00364: Child: All worker threads have exited.
[Sun Dec 22 21:27:28.687171 2019] [core:warn] [pid 1316:tid 688] AH00098: pid file D:/Downloads/DokuWikiStick/server/logs/httpd.pid overwritten -- Unclean shutdown of previous Apache run?
[Sun Dec 22 21:27:28.714077 2019] [mpm_winnt:notice] [pid 1316:tid 688] AH00455: Apache/2.4.25 (Win32) PHP/5.6.30 configured -- resuming normal operations
[Sun Dec 22 21:27:28.714077 2019] [mpm_winnt:notice] [pid 1316:tid 688] AH00456: Apache Lounge VC11 Server built: Dec 20 2016 13:02:04
[Sun Dec 22 21:27:28.714077 2019] [core:notice] [pid 1316:tid 688] AH00094: Command line: 'mapache.exe -d D:/Downloads/DokuWikiStick/server'
[Sun Dec 22 21:27:28.716072 2019] [mpm_winnt:notice] [pid 1316:tid 688] AH00418: Parent: Created child process 24064
Apache server shutdown initiated...
pm_winnt:notice] [pid 24064:tid 800] AH00354: Child: Starting 64 worker threads.
[Sun Dec 22 21:29:39.692328 2019] [mpm_winnt:notice] [pid 1316:tid 688] AH00422: Parent: Received shutdown signal -- Shutting down the server.
[Sun Dec 22 21:29:41.695479 2019] [mpm_winnt:notice] [pid 24064:tid 800] AH00364: Child: All worker threads have exited.
[Sun Dec 22 21:29:41.754321 2019] [mpm_winnt:notice] [pid 1316:tid 688] AH00430: Parent: Child process 24064 exited successfully.
[Sun Dec 22 21:52:39.990736 2019] [mpm_winnt:notice] [pid 34632:tid 656] AH00455: Apache/2.4.25 (Win32) PHP/5.6.30 configured -- resuming normal operations
[Sun Dec 22 21:52:39.990736 2019] [mpm_winnt:notice] [pid 34632:tid 656] AH00456: Apache Lounge VC11 Server built: Dec 20 2016 13:02:04
[Sun Dec 22 21:52:39.990736 2019] [core:notice] [pid 34632:tid 656] AH00094: Command line: 'mapache.exe -d C:/Users/Piet/Desktop/DokuWikiStick/server'
[Sun Dec 22 21:52:39.991733 2019] [mpm_winnt:notice] [pid 34632:tid 656] AH00418: Parent: Created child process 33728
Apache server shutdown initiated...
pm_winnt:notice] [pid 33728:tid 740] AH00354: Child: Starting 64 worker threads.
[Sun Dec 22 21:52:41.671239 2019] [access_compat:error] [pid 33728:tid 1212] [client ::1:52917] AH01797: client denied by server configuration: C:/Users/Piet/Desktop/DokuWikiStick/dokuwiki/data/dont-panic-if-you-see-this-in-your-logs-it-means-your-directory-permissions-are-correct.png, referer: http://localhost:8800/install.php
[Sun Dec 22 21:53:13.859340 2019] [access_compat:error] [pid 33728:tid 1212] [client ::1:52952] AH01797: client denied by server configuration: C:/Users/Piet/Desktop/DokuWikiStick/dokuwiki/data/dont-panic-if-you-see-this-in-your-logs-it-means-your-directory-permissions-are-correct.png, referer: http://localhost:8800/install.php
[Sun Dec 22 21:53:46.247966 2019] [access_compat:error] [pid 33728:tid 1220] [client ::1:52991] AH01797: client denied by server configuration: C:/Users/Piet/Desktop/DokuWikiStick/dokuwiki/data/dont-panic-if-you-see-this-in-your-logs-it-means-your-directory-permissions-are-correct.png, referer: http://localhost:8800/install.php
[Sun Dec 22 21:56:56.576020 2019] [mpm_winnt:notice] [pid 34632:tid 656] AH00422: Parent: Received shutdown signal -- Shutting down the server.
[Sun Dec 22 21:56:58.577421 2019] [mpm_winnt:notice] [pid 33728:tid 740] AH00364: Child: All worker threads have exited.
[Sun Dec 22 21:56:58.613285 2019] [mpm_winnt:notice] [pid 34632:tid 656] AH00430: Parent: Child process 33728 exited successfully.
[Sun Dec 22 21:57:00.976657 2019] [mpm_winnt:notice] [pid 34428:tid 628] AH00455: Apache/2.4.25 (Win32) PHP/5.6.30 configured -- resuming normal operations
[Sun Dec 22 21:57:00.976657 2019] [mpm_winnt:notice] [pid 34428:tid 628] AH00456: Apache Lounge VC11 Server built: Dec 20 2016 13:02:04
[Sun Dec 22 21:57:00.976657 2019] [core:notice] [pid 34428:tid 628] AH00094: Command line: 'mapache.exe -d C:/Users/Piet/Desktop/DokuWikiStick/server'
[Sun Dec 22 21:57:00.979650 2019] [mpm_winnt:notice] [pid 34428:tid 628] AH00418: Parent: Created child process 35508
Apache server shutdown initiated...
pm_winnt:notice] [pid 35508:tid 640] AH00354: Child: Starting 64 worker threads.
[Sun Dec 22 21:59:48.397344 2019] [mpm_winnt:notice] [pid 34428:tid 628] AH00422: Parent: Received shutdown signal -- Shutting down the server.
[Sun Dec 22 21:59:50.398981 2019] [mpm_winnt:notice] [pid 35508:tid 640] AH00364: Child: All worker threads have exited.
[Sun Dec 22 21:59:50.457796 2019] [mpm_winnt:notice] [pid 34428:tid 628] AH00430: Parent: Child process 35508 exited successfully.
[Sun Dec 22 21:59:54.222729 2019] [mpm_winnt:notice] [pid 34596:tid 704] AH00455: Apache/2.4.25 (Win32) PHP/5.6.30 configured -- resuming normal operations
[Sun Dec 22 21:59:54.222729 2019] [mpm_winnt:notice] [pid 34596:tid 704] AH00456: Apache Lounge VC11 Server built: Dec 20 2016 13:02:04
[Sun Dec 22 21:59:54.222729 2019] [core:notice] [pid 34596:tid 704] AH00094: Command line: 'mapache.exe -d C:/Users/Piet/Desktop/DokuWikiStick/server'
[Sun Dec 22 21:59:54.224725 2019] [mpm_winnt:notice] [pid 34596:tid 704] AH00418: Parent: Created child process 34840
[Sun Dec 22 21:59:54.884984 2019] [mpm_winnt:notice] [pid 34840:tid 752] AH00354: Child: Starting 64 worker threads.
[Mon Dec 23 08:23:38.445404 2019] [core:warn] [pid 27116:tid 740] AH00098: pid file C:/Users/Piet/Desktop/DokuWikiStick/server/logs/httpd.pid overwritten -- Unclean shutdown of previous Apache run?
[Mon Dec 23 08:23:38.754576 2019] [mpm_winnt:notice] [pid 27116:tid 740] AH00455: Apache/2.4.25 (Win32) PHP/5.6.30 configured -- resuming normal operations
[Mon Dec 23 08:23:38.754576 2019] [mpm_winnt:notice] [pid 27116:tid 740] AH00456: Apache Lounge VC11 Server built: Dec 20 2016 13:02:04
[Mon Dec 23 08:23:38.754576 2019] [core:notice] [pid 27116:tid 740] AH00094: Command line: 'mapache.exe -d C:/Users/Piet/Desktop/DokuWikiStick/server'
[Mon Dec 23 08:23:38.756571 2019] [mpm_winnt:notice] [pid 27116:tid 740] AH00418: Parent: Created child process 28212
[Mon Dec 23 08:23:39.409824 2019] [mpm_winnt:notice] [pid 28212:tid 640] AH00354: Child: Starting 64 worker threads.
[Mon Dec 23 08:29:30.983940 2019] [access_compat:error] [pid 28212:tid 1204] [client ::1:64159] AH01797: client denied by server configuration: C:/Users/Piet/Desktop/DokuWikiStick/dokuwiki/data/dont-panic-if-you-see-this-in-your-logs-it-means-your-directory-permissions-are-correct.png, referer: http://localhost:8800/doku.php?id=start&do=admin
[Mon Dec 23 08:29:30.986932 2019] [access_compat:error] [pid 28212:tid 1204] [client ::1:64159] AH01797: client denied by server configuration: C:/Users/Piet/Desktop/DokuWikiStick/dokuwiki/data/dont-panic-if-you-see-this-in-your-logs-it-means-your-directory-permissions-are-correct.png, referer: http://localhost:8800/doku.php?id=start&do=admin
[Mon Dec 23 08:35:35.383004 2019] [access_compat:error] [pid 28212:tid 1220] [client ::1:64661] AH01797: client denied by server configuration: C:/Users/Piet/Desktop/DokuWikiStick/dokuwiki/data/dont-panic-if-you-see-this-in-your-logs-it-means-your-directory-permissions-are-correct.png, referer: http://localhost:8800/doku.php?id=start&do=admin
[Mon Dec 23 08:35:35.387991 2019] [access_compat:error] [pid 28212:tid 1220] [client ::1:64661] AH01797: client denied by server configuration: C:/Users/Piet/Desktop/DokuWikiStick/dokuwiki/data/dont-panic-if-you-see-this-in-your-logs-it-means-your-directory-permissions-are-correct.png, referer: http://localhost:8800/doku.php?id=start&do=admin
[Mon Dec 23 08:39:44.764411 2019] [access_compat:error] [pid 28212:tid 1200] [client ::1:65101] AH01797: client denied by server configuration: C:/Users/Piet/Desktop/DokuWikiStick/dokuwiki/data/dont-panic-if-you-see-this-in-your-logs-it-means-your-directory-permissions-are-correct.png, referer: http://localhost:8800/doku.php?id=start&do=admin
[Mon Dec 23 08:39:44.941937 2019] [access_compat:error] [pid 28212:tid 1200] [client ::1:65101] AH01797: client denied by server configuration: C:/Users/Piet/Desktop/DokuWikiStick/dokuwiki/data/dont-panic-if-you-see-this-in-your-logs-it-means-your-directory-permissions-are-correct.png, referer: http://localhost:8800/doku.php?id=start&do=admin
[Mon Dec 23 08:47:17.523893 2019] [access_compat:error] [pid 28212:tid 1200] [client 127.0.0.1:1280] AH01797: client denied by server configuration: C:/Users/Piet/Desktop/DokuWikiStick/dokuwiki/data/dont-panic-if-you-see-this-in-your-logs-it-means-your-directory-permissions-are-correct.png, referer: http://localhost:8800/doku.php?id=uebung_1&do=admin
[Mon Dec 23 08:51:44.757518 2019] [access_compat:error] [pid 28212:tid 1204] [client 127.0.0.1:1611] AH01797: client denied by server configuration: C:/Users/Piet/Desktop/DokuWikiStick/dokuwiki/data/dont-panic-if-you-see-this-in-your-logs-it-means-your-directory-permissions-are-correct.png, referer: http://localhost:8800/doku.php?id=uebung_1&do=admin
[Mon Dec 23 08:51:44.877198 2019] [access_compat:error] [pid 28212:tid 1204] [client 127.0.0.1:1611] AH01797: client denied by server configuration: C:/Users/Piet/Desktop/DokuWikiStick/dokuwiki/data/dont-panic-if-you-see-this-in-your-logs-it-means-your-directory-permissions-are-correct.png, referer: http://localhost:8800/doku.php?id=uebung_1&do=admin
[Mon Dec 23 10:25:06.403267 2019] [core:warn] [pid 6980:tid 768] AH00098: pid file C:/Users/Piet/Desktop/Neuer Ordner/DokuWikiStick/server/logs/httpd.pid overwritten -- Unclean shutdown of previous Apache run?
[Mon Dec 23 10:25:06.652599 2019] [mpm_winnt:notice] [pid 6980:tid 768] AH00455: Apache/2.4.25 (Win32) PHP/5.6.30 configured -- resuming normal operations
[Mon Dec 23 10:25:06.652599 2019] [mpm_winnt:notice] [pid 6980:tid 768] AH00456: Apache Lounge VC11 Server built: Dec 20 2016 13:02:04
[Mon Dec 23 10:25:06.652599 2019] [core:notice] [pid 6980:tid 768] AH00094: Command line: 'mapache.exe -d C:/Users/Piet/Desktop/Neuer Ordner/DokuWikiStick/server'
[Mon Dec 23 10:25:06.655591 2019] [mpm_winnt:notice] [pid 6980:tid 768] AH00418: Parent: Created child process 3348
[Mon Dec 23 10:25:07.216093 2019] [mpm_winnt:notice] [pid 3348:tid 740] AH00354: Child: Starting 64 worker threads.
[Mon Dec 23 10:25:33.114504 2019] [core:warn] [pid 4488:tid 728] AH00098: pid file C:/Users/Piet/Desktop/Neuer Ordner/DokuWikiStick/server/logs/httpd.pid overwritten -- Unclean shutdown of previous Apache run?
[Mon Dec 23 10:25:33.141431 2019] [mpm_winnt:notice] [pid 4488:tid 728] AH00455: Apache/2.4.25 (Win32) PHP/5.6.30 configured -- resuming normal operations
[Mon Dec 23 10:25:33.141431 2019] [mpm_winnt:notice] [pid 4488:tid 728] AH00456: Apache Lounge VC11 Server built: Dec 20 2016 13:02:04
[Mon Dec 23 10:25:33.141431 2019] [core:notice] [pid 4488:tid 728] AH00094: Command line: 'mapache.exe -d C:/Users/Piet/Desktop/Neuer Ordner/DokuWikiStick/server'
[Mon Dec 23 10:25:33.145421 2019] [mpm_winnt:notice] [pid 4488:tid 728] AH00418: Parent: Created child process 5524
[Mon Dec 23 10:25:33.739832 2019] [mpm_winnt:notice] [pid 5524:tid 716] AH00354: Child: Starting 64 worker threads.
[Mon Dec 23 10:26:48.935069 2019] [access_compat:error] [pid 5524:tid 1208] [client 127.0.0.1:5783] AH01797: client denied by server configuration: C:/Users/Piet/Desktop/Neuer Ordner/DokuWikiStick/dokuwiki/data/dont-panic-if-you-see-this-in-your-logs-it-means-your-directory-permissions-are-correct.png, referer: http://localhost:8800/doku.php?id=uebung_1&do=admin
[Mon Dec 23 10:33:19.891514 2019] [core:warn] [pid 14528:tid 668] AH00098: pid file C:/Users/Piet/Desktop/Neuer Ordner/DokuWikiStick/server/logs/httpd.pid overwritten -- Unclean shutdown of previous Apache run?
[Mon Dec 23 10:33:19.920415 2019] [mpm_winnt:notice] [pid 14528:tid 668] AH00455: Apache/2.4.25 (Win32) PHP/5.6.30 configured -- resuming normal operations
[Mon Dec 23 10:33:19.920415 2019] [mpm_winnt:notice] [pid 14528:tid 668] AH00456: Apache Lounge VC11 Server built: Dec 20 2016 13:02:04
[Mon Dec 23 10:33:19.920415 2019] [core:notice] [pid 14528:tid 668] AH00094: Command line: 'mapache.exe -d C:/Users/Piet/Desktop/Neuer Ordner/DokuWikiStick/server'
[Mon Dec 23 10:33:19.923408 2019] [mpm_winnt:notice] [pid 14528:tid 668] AH00418: Parent: Created child process 9704
[Mon Dec 23 10:33:20.608575 2019] [mpm_winnt:notice] [pid 9704:tid 804] AH00354: Child: Starting 64 worker threads.
[Mon Dec 23 10:34:13.035995 2019] [access_compat:error] [pid 9704:tid 1224] [client 127.0.0.1:6301] AH01797: client denied by server configuration: C:/Users/Piet/Desktop/Neuer Ordner/DokuWikiStick/dokuwiki/data/dont-panic-if-you-see-this-in-your-logs-it-means-your-directory-permissions-are-correct.png, referer: http://localhost:8800/doku.php?id=uebung_1&do=admin
[Mon Dec 23 10:41:37.543316 2019] [access_compat:error] [pid 9704:tid 1220] [client 127.0.0.1:6880] AH01797: client denied by server configuration: C:/Users/Piet/Desktop/Neuer Ordner/DokuWikiStick/dokuwiki/data/dont-panic-if-you-see-this-in-your-logs-it-means-your-directory-permissions-are-correct.png, referer: http://localhost:8800/doku.php?id=uebung_1&do=admin
[Mon Dec 23 10:41:37.631081 2019] [access_compat:error] [pid 9704:tid 1220] [client 127.0.0.1:6880] AH01797: client denied by server configuration: C:/Users/Piet/Desktop/Neuer Ordner/DokuWikiStick/dokuwiki/data/dont-panic-if-you-see-this-in-your-logs-it-means-your-directory-permissions-are-correct.png, referer: http://localhost:8800/doku.php?id=uebung_1&do=admin
